[frenify.com/work/envato/frenify/html/neoh/1/index.html]
[backblue.gif]
[fade.gif]
[index.html]
[frenify.com/work/envato/frenify/html/neoh/1/css/plugins.css]
[frenify.com/work/envato/frenify/html/neoh/1/css/stylef9b8.css]
[frenify.com/work/envato/frenify/html/neoh/1/svg/cancel.svg]
[frenify.com/work/envato/frenify/html/neoh/1/svg/opensea.svg]
[frenify.com/work/envato/frenify/html/neoh/1/svg/discord.svg]
[frenify.com/work/envato/frenify/html/neoh/1/index-kenburns.html]
[frenify.com/work/envato/frenify/html/neoh/1/index-half-kenburns.html]
[frenify.com/work/envato/frenify/html/neoh/1/index-half-slider.html]
[frenify.com/work/envato/frenify/html/neoh/1/about.html]
[frenify.com/work/envato/frenify/html/neoh/1/collection.html]
[frenify.com/work/envato/frenify/html/neoh/1/blog.html]
[frenify.com/work/envato/frenify/html/neoh/1/contact.html]
[frenify.com/work/envato/frenify/html/neoh/1/img/logo.png]
[frenify.com/work/envato/frenify/html/neoh/1/img/hero/bg.jpg]
[frenify.com/work/envato/frenify/html/neoh/1/svg/right-arr.svg]
[frenify.com/work/envato/frenify/html/neoh/1/img/about/1.jpg]
[frenify.com/work/envato/frenify/html/neoh/1/img/about/2.jpg]
[frenify.com/work/envato/frenify/html/neoh/1/svg/divider.svg]
[frenify.com/work/envato/frenify/html/neoh/1/img/drops/1.jpg]
[frenify.com/work/envato/frenify/html/neoh/1/nft-single-1.html]
[frenify.com/work/envato/frenify/html/neoh/1/img/drops/2.jpg]
[frenify.com/work/envato/frenify/html/neoh/1/nft-single-2.html]
[frenify.com/work/envato/frenify/html/neoh/1/img/drops/3.jpg]
[frenify.com/work/envato/frenify/html/neoh/1/img/drops/4.jpg]
[frenify.com/work/envato/frenify/html/neoh/1/img/drops/5.jpg]
[frenify.com/work/envato/frenify/html/neoh/1/img/drops/6.jpg]
[frenify.com/work/envato/frenify/html/neoh/1/img/timeline/1/1.jpg]
[frenify.com/work/envato/frenify/html/neoh/1/img/timeline/1/2.jpg]
[frenify.com/work/envato/frenify/html/neoh/1/img/timeline/1/3.jpg]
[frenify.com/work/envato/frenify/html/neoh/1/roadmap-single.html]
[frenify.com/work/envato/frenify/html/neoh/1/img/timeline/2/1.jpg]
[frenify.com/work/envato/frenify/html/neoh/1/img/timeline/2/2.jpg]
[frenify.com/work/envato/frenify/html/neoh/1/img/timeline/2/3.jpg]
[frenify.com/work/envato/frenify/html/neoh/1/img/timeline/3/1.jpg]
[frenify.com/work/envato/frenify/html/neoh/1/img/timeline/3/2.jpg]
[frenify.com/work/envato/frenify/html/neoh/1/img/timeline/3/3.jpg]
[frenify.com/work/envato/frenify/html/neoh/1/img/timeline/4/1.jpg]
[frenify.com/work/envato/frenify/html/neoh/1/img/timeline/4/2.jpg]
[frenify.com/work/envato/frenify/html/neoh/1/img/timeline/4/3.jpg]
[frenify.com/work/envato/frenify/html/neoh/1/img/timeline/5/1.jpg]
[frenify.com/work/envato/frenify/html/neoh/1/img/timeline/5/2.jpg]
[frenify.com/work/envato/frenify/html/neoh/1/img/timeline/5/3.jpg]
[frenify.com/work/envato/frenify/html/neoh/1/img/timeline/6/1.jpg]
[frenify.com/work/envato/frenify/html/neoh/1/img/timeline/6/2.jpg]
[frenify.com/work/envato/frenify/html/neoh/1/img/timeline/6/3.jpg]
[frenify.com/work/envato/frenify/html/neoh/1/img/timeline/7/1.jpg]
[frenify.com/work/envato/frenify/html/neoh/1/img/timeline/7/2.jpg]
[frenify.com/work/envato/frenify/html/neoh/1/img/timeline/7/3.jpg]
[frenify.com/work/envato/frenify/html/neoh/1/img/investors/1.png]
[frenify.com/work/envato/frenify/html/neoh/1/img/investors/2.png]
[frenify.com/work/envato/frenify/html/neoh/1/img/investors/3.png]
[frenify.com/work/envato/frenify/html/neoh/1/img/investors/4.png]
[frenify.com/work/envato/frenify/html/neoh/1/img/investors/5.png]
[frenify.com/work/envato/frenify/html/neoh/1/img/investors/6.png]
[frenify.com/work/envato/frenify/html/neoh/1/img/investors/7.png]
[frenify.com/work/envato/frenify/html/neoh/1/img/investors/8.png]
[frenify.com/work/envato/frenify/html/neoh/1/img/investors/9.png]
[frenify.com/work/envato/frenify/html/neoh/1/img/investors/10.png]
[frenify.com/work/envato/frenify/html/neoh/1/img/blog/1.jpg]
[frenify.com/work/envato/frenify/html/neoh/1/blog-single.html]
[frenify.com/work/envato/frenify/html/neoh/1/img/blog/2.jpg]
[frenify.com/work/envato/frenify/html/neoh/1/img/blog/3.jpg]
[frenify.com/work/envato/frenify/html/neoh/1/img/footer-logo.png]
[frenify.com/work/envato/frenify/html/neoh/1/roadmap.html]
[frenify.com/work/envato/frenify/html/neoh/1/svg/circle.svg]
[frenify.com/work/envato/frenify/html/neoh/1/js/jquery.js]
[frenify.com/work/envato/frenify/html/neoh/1/js/plugins.js]
[frenify.com/work/envato/frenify/html/neoh/1/js/initf9b8.js]
[frenify.com/work/envato/frenify/html/neoh/1/index.html]
[frenify.com/work/envato/frenify/html/neoh/1/css/font/fontello4c98.eot]
[frenify.com/work/envato/frenify/html/neoh/1/css/font/fontello4c98.woff2]
[frenify.com/work/envato/frenify/html/neoh/1/css/font/fontello4c98.woff]
[frenify.com/work/envato/frenify/html/neoh/1/css/font/fontello4c98.ttf]
[frenify.com/work/envato/frenify/html/neoh/1/css/font/fontello4c98.svg]
[frenify.com/work/envato/frenify/html/neoh/1/css/overlays/02.png]
[frenify.com/work/envato/frenify/html/neoh/1/css/plugins.css]
[frenify.com/work/envato/frenify/html/neoh/1/css/stylef9b8.css]
[frenify.com/work/envato/frenify/html/neoh/1/svg/cancel.svg]
[frenify.com/work/envato/frenify/html/neoh/1/svg/opensea.svg]
[frenify.com/work/envato/frenify/html/neoh/1/svg/discord.svg]
[frenify.com/work/envato/frenify/html/neoh/1/index-kenburns.html]
[frenify.com/work/envato/frenify/html/neoh/1/index-half-kenburns.html]
[frenify.com/work/envato/frenify/html/neoh/1/index-half-slider.html]
[frenify.com/work/envato/frenify/html/neoh/1/svg/search-engine.svg]
[frenify.com/work/envato/frenify/html/neoh/1/svg/management.svg]
[frenify.com/work/envato/frenify/html/neoh/1/svg/padlock.svg]
[frenify.com/work/envato/frenify/html/neoh/1/svg/play.svg]
[frenify.com/work/envato/frenify/html/neoh/1/img/author/1.jpg]
[frenify.com/work/envato/frenify/html/neoh/1/img/author/2.jpg]
[frenify.com/work/envato/frenify/html/neoh/1/img/author/3.jpg]
[frenify.com/work/envato/frenify/html/neoh/1/img/author/4.jpg]
[frenify.com/work/envato/frenify/html/neoh/1/img/author/5.jpg]
[frenify.com/work/envato/frenify/html/neoh/1/img/author/6.jpg]
[frenify.com/work/envato/frenify/html/neoh/1/about.html]
[frenify.com/work/envato/frenify/html/neoh/1/svg/down.svg]
[frenify.com/work/envato/frenify/html/neoh/1/img/drops/7.jpg]
[frenify.com/work/envato/frenify/html/neoh/1/img/drops/8.jpg]
[frenify.com/work/envato/frenify/html/neoh/1/img/drops/9.jpg]
[frenify.com/work/envato/frenify/html/neoh/1/img/drops/10.jpg]
[frenify.com/work/envato/frenify/html/neoh/1/img/drops/11.jpg]
[frenify.com/work/envato/frenify/html/neoh/1/img/drops/12.jpg]
[frenify.com/work/envato/frenify/html/neoh/1/img/drops/13.jpg]
[frenify.com/work/envato/frenify/html/neoh/1/img/drops/14.jpg]
[frenify.com/work/envato/frenify/html/neoh/1/img/drops/15.jpg]
[frenify.com/work/envato/frenify/html/neoh/1/img/drops/16.jpg]
[frenify.com/work/envato/frenify/html/neoh/1/img/drops/17.jpg]
[frenify.com/work/envato/frenify/html/neoh/1/img/drops/18.jpg]
[frenify.com/work/envato/frenify/html/neoh/1/collection.html]
[frenify.com/work/envato/frenify/html/neoh/1/img/blog/4.jpg]
[frenify.com/work/envato/frenify/html/neoh/1/img/blog/5.jpg]
[frenify.com/work/envato/frenify/html/neoh/1/img/blog/6.jpg]
[frenify.com/work/envato/frenify/html/neoh/1/img/blog/7.jpg]
[frenify.com/work/envato/frenify/html/neoh/1/img/blog/8.jpg]
[frenify.com/work/envato/frenify/html/neoh/1/img/blog/9.jpg]
[frenify.com/work/envato/frenify/html/neoh/1/blog.html]
[frenify.com/work/envato/frenify/html/neoh/1/contact.html]
[frenify.com/work/envato/frenify/html/neoh/1/svg/right-arr.svg]
[frenify.com/work/envato/frenify/html/neoh/1/svg/divider.svg]
[frenify.com/work/envato/frenify/html/neoh/1/nft-single-1.html]
[frenify.com/work/envato/frenify/html/neoh/1/svg/hammer.svg]
[frenify.com/work/envato/frenify/html/neoh/1/nft-single-2.html]
[frenify.com/work/envato/frenify/html/neoh/1/img/blog/single.jpg]
[frenify.com/work/envato/frenify/html/neoh/1/img/thumbs/1-1.jpg]
[frenify.com/work/envato/frenify/html/neoh/1/roadmap-single.html]
[frenify.com/work/envato/frenify/html/neoh/1/img/blog/author.jpg]
[frenify.com/work/envato/frenify/html/neoh/1/img/widgets/about.jpg]
[frenify.com/work/envato/frenify/html/neoh/1/img/widgets/about-sign.png]
[frenify.com/work/envato/frenify/html/neoh/1/img/widgets/banner.jpg]
[frenify.com/work/envato/frenify/html/neoh/1/svg/email.svg]
[frenify.com/work/envato/frenify/html/neoh/1/img/blog/comment-author1.jpg]
[frenify.com/work/envato/frenify/html/neoh/1/svg/reply.svg]
[frenify.com/work/envato/frenify/html/neoh/1/img/blog/comment-author2.jpg]
[frenify.com/work/envato/frenify/html/neoh/1/img/blog/comment-author3.jpg]
[frenify.com/work/envato/frenify/html/neoh/1/blog-single.html]
[frenify.com/work/envato/frenify/html/neoh/1/roadmap.html]
[frenify.com/work/envato/frenify/html/neoh/1/svg/circle.svg]
[frenify.com/work/envato/frenify/html/neoh/1/js/jquery.js]
[frenify.com/work/envato/frenify/html/neoh/1/js/plugins.js]
[frenify.com/work/envato/frenify/html/neoh/1/Version/index.html]
[frenify.com/work/envato/frenify/html/neoh/1/version/index-2.html]
[frenify.com/work/envato/frenify/html/neoh/1/modal/contact.html]
[frenify.com/work/envato/frenify/html/neoh/1/js/initf9b8.js]
[frenify.com/work/envato/frenify/html/neoh/1/css/font/fontello4c98.svg]
[frenify.com/work/envato/frenify/html/neoh/1/css/overlays/02.html]
[frenify.com/work/envato/frenify/html/neoh/1/svg/search-engine.svg]
[frenify.com/work/envato/frenify/html/neoh/1/svg/management.svg]
[frenify.com/work/envato/frenify/html/neoh/1/svg/padlock.svg]
[frenify.com/work/envato/frenify/html/neoh/1/svg/play.svg]
[frenify.com/work/envato/frenify/html/neoh/1/svg/down.svg]
[frenify.com/work/envato/frenify/html/neoh/1/svg/checked.svg]
[frenify.com/work/envato/frenify/html/neoh/1/svg/hammer.svg]
[frenify.com/work/envato/frenify/html/neoh/1/svg/email.svg]
[frenify.com/work/envato/frenify/html/neoh/1/svg/reply.svg]
[frenify.com/work/envato/frenify/html/neoh/1/Version/index.html]
[frenify.com/work/envato/frenify/html/neoh/1/version/index-2.html]
[frenify.com/work/envato/frenify/html/neoh/1/modal/subscribe.html]
[frenify.com/work/envato/frenify/html/neoh/1/modal/contact.html]
